<?xml version="1.0" encoding="UTF-8"?>
<!-- Generated by org.testng.reporters.JUnitReportReporter -->
<testsuite hostname="LAPTOP-1NBFCQEH" failures="0" tests="1" name="com.vtiger.Contact.CreateContact" time="12.698" errors="0" timestamp="2025-01-20T11:17:02 IST" skipped="0">
  <testcase classname="com.vtiger.Contact.CreateContact" name="CreateContact" time="12.698"/>
  <system-out/>
</testsuite> <!-- com.vtiger.Contact.CreateContact -->
