<?xml version="1.0" encoding="UTF-8"?>
<!-- Generated by org.testng.reporters.JUnitReportReporter -->
<testsuite hostname="LAPTOP-1NBFCQEH" failures="0" tests="1" name="com.vtiger.Organization.CreateOrganizationWithInduatriesTest" time="15.626" errors="0" timestamp="2025-01-23T13:22:07 IST" skipped="0">
  <testcase classname="com.vtiger.Organization.CreateOrganizationWithInduatriesTest" name="createOrgWithIndustries" time="15.626"/>
  <system-out/>
</testsuite> <!-- com.vtiger.Organization.CreateOrganizationWithInduatriesTest -->
