<?xml version="1.0" encoding="UTF-8"?>
<!-- Generated by org.testng.reporters.JUnitReportReporter -->
<testsuite hostname="LAPTOP-1NBFCQEH" failures="0" tests="1" name="com.vtiger.Contact.CreateContactwithOrganizationTest" time="25.061" errors="0" timestamp="2025-01-23T13:22:07 IST" skipped="0">
  <testcase classname="com.vtiger.Contact.CreateContactwithOrganizationTest" name="CreateContact" time="25.061"/>
  <system-out/>
</testsuite> <!-- com.vtiger.Contact.CreateContactwithOrganizationTest -->
