<?xml version="1.0" encoding="UTF-8"?>
<!-- Generated by org.testng.reporters.JUnitReportReporter -->
<testsuite hostname="LAPTOP-1NBFCQEH" failures="0" tests="1" name="com.vtiger.Contact.CreateContactTest" time="21.009" errors="0" timestamp="2025-03-20T13:04:45 IST" skipped="0">
  <testcase classname="com.vtiger.Contact.CreateContactTest" name="CreateContact" time="21.009"/>
  <system-out/>
</testsuite> <!-- com.vtiger.Contact.CreateContactTest -->
