<?xml version="1.0" encoding="UTF-8"?>
<!-- Generated by org.testng.reporters.JUnitReportReporter -->
<testsuite hostname="LAPTOP-1NBFCQEH" failures="0" tests="1" name="com.vtiger.Contact.CreateContactwithOrganization" time="21.799" errors="0" timestamp="2025-01-20T11:54:41 IST" skipped="0">
  <testcase classname="com.vtiger.Contact.CreateContactwithOrganization" name="CreateContact" time="21.799"/>
  <system-out/>
</testsuite> <!-- com.vtiger.Contact.CreateContactwithOrganization -->
