<?xml version="1.0" encoding="UTF-8"?>
<!-- Generated by org.testng.reporters.JUnitReportReporter -->
<testsuite hostname="LAPTOP-1NBFCQEH" failures="0" tests="1" name="com.vtiger.Organization.CreateOrganizationTest" time="16.945" errors="0" timestamp="2025-01-22T13:28:21 IST" skipped="0">
  <testcase classname="com.vtiger.Organization.CreateOrganizationTest" name="createOrg" time="16.945"/>
  <system-out/>
</testsuite> <!-- com.vtiger.Organization.CreateOrganizationTest -->
