<?xml version="1.0" encoding="UTF-8"?>
<!-- Generated by org.testng.reporters.JUnitReportReporter -->
<testsuite hostname="LAPTOP-1NBFCQEH" failures="0" tests="2" name="PracticeTest.CreateOrg" time="0.009" errors="0" timestamp="2025-01-22T10:52:09 IST" skipped="0">
  <testcase classname="PracticeTest.CreateOrg" name="createContact" time="0.008"/>
  <system-out/>
  <testcase classname="PracticeTest.CreateOrg" name="createContactwithorg" time="0.001"/>
  <system-out/>
</testsuite> <!-- PracticeTest.CreateOrg -->
