<?xml version="1.0" encoding="UTF-8"?>
<!-- Generated by org.testng.reporters.JUnitReportReporter -->
<testsuite hostname="LAPTOP-1NBFCQEH" failures="0" tests="1" name="com.vtiger.Contact.CreateContactTest" time="16.773" errors="0" timestamp="2025-01-22T13:25:58 IST" skipped="0">
  <testcase classname="com.vtiger.Contact.CreateContactTest" name="CreateContact" time="16.773"/>
  <system-out/>
</testsuite> <!-- com.vtiger.Contact.CreateContactTest -->
