<?xml version="1.0" encoding="UTF-8"?>
<!-- Generated by org.testng.reporters.JUnitReportReporter -->
<testsuite hostname="LAPTOP-1NBFCQEH" failures="0" tests="1" name="com.vtiger.Organization.CreateOrganizationWithInduatriesTest" time="16.364" errors="0" timestamp="2025-01-22T13:28:51 IST" skipped="0">
  <testcase classname="com.vtiger.Organization.CreateOrganizationWithInduatriesTest" name="createOrgWithIndustries" time="16.364"/>
  <system-out/>
</testsuite> <!-- com.vtiger.Organization.CreateOrganizationWithInduatriesTest -->
