<?xml version="1.0" encoding="UTF-8"?>
<!-- Generated by org.testng.reporters.JUnitReportReporter -->
<testsuite hostname="LAPTOP-1NBFCQEH" failures="0" tests="1" name="com.vtiger.Organization.CreateOrganizationWithPhoneNumber" time="14.485" errors="0" timestamp="2025-01-18T15:54:55 IST" skipped="0">
  <testcase classname="com.vtiger.Organization.CreateOrganizationWithPhoneNumber" name="createOrgWithIndustries" time="14.485"/>
  <system-out/>
</testsuite> <!-- com.vtiger.Organization.CreateOrganizationWithPhoneNumber -->
