<?xml version="1.0" encoding="UTF-8"?>
<!-- Generated by org.testng.reporters.JUnitReportReporter -->
<testsuite hostname="LAPTOP-1NBFCQEH" failures="0" tests="1" name="com.vtiger.Organization.CreateOrganizationTest" time="65.504" errors="0" timestamp="2025-03-20T13:04:45 IST" skipped="0">
  <testcase classname="com.vtiger.Organization.CreateOrganizationTest" name="createOrg" time="65.504"/>
  <system-out/>
</testsuite> <!-- com.vtiger.Organization.CreateOrganizationTest -->
