<?xml version="1.0" encoding="UTF-8"?>
<!-- Generated by org.testng.reporters.JUnitReportReporter -->
<testsuite hostname="LAPTOP-1NBFCQEH" failures="0" tests="1" name="com.vtiger.Contact.CreateContactWithPhoneNumber" time="14.363" errors="0" timestamp="2025-01-20T12:00:54 IST" skipped="0">
  <testcase classname="com.vtiger.Contact.CreateContactWithPhoneNumber" name="CreateContact" time="14.363"/>
  <system-out/>
</testsuite> <!-- com.vtiger.Contact.CreateContactWithPhoneNumber -->
