<?xml version="1.0" encoding="UTF-8"?>
<!-- Generated by org.testng.reporters.JUnitReportReporter -->
<testsuite hostname="LAPTOP-1NBFCQEH" failures="0" tests="1" name="PracticeTest.CreateContactTest" time="0.011" errors="0" timestamp="2025-01-22T13:30:04 IST" skipped="0">
  <testcase classname="PracticeTest.CreateContactTest" name="createContactTest" time="0.011"/>
  <system-out/>
</testsuite> <!-- PracticeTest.CreateContactTest -->
