<?xml version="1.0" encoding="UTF-8"?>
<!-- Generated by org.testng.reporters.JUnitReportReporter -->
<testsuite hostname="LAPTOP-1NBFCQEH" failures="0" tests="1" name="com.vtiger.Organization.CreateOrganizationWithInduatriesTest" time="13.451" errors="0" timestamp="2025-01-23T18:01:10 IST" skipped="0">
  <testcase classname="com.vtiger.Organization.CreateOrganizationWithInduatriesTest" name="createOrgWithIndustries" time="13.451"/>
  <system-out/>
</testsuite> <!-- com.vtiger.Organization.CreateOrganizationWithInduatriesTest -->
