<?xml version="1.0" encoding="UTF-8"?>
<!-- Generated by org.testng.reporters.JUnitReportReporter -->
<testsuite hostname="LAPTOP-1NBFCQEH" failures="0" tests="1" name="com.vtiger.Organization.CreateOrganization" time="15.613" errors="0" timestamp="2025-01-18T15:28:23 IST" skipped="0">
  <testcase classname="com.vtiger.Organization.CreateOrganization" name="createOrg" time="15.613"/>
  <system-out/>
</testsuite> <!-- com.vtiger.Organization.CreateOrganization -->
