<?xml version="1.0" encoding="UTF-8"?>
<!-- Generated by org.testng.reporters.JUnitReportReporter -->
<testsuite hostname="LAPTOP-1NBFCQEH" failures="0" tests="1" name="com.vtiger.Organization.CreateAndDeleteOrganizationTest" time="19.695" errors="0" timestamp="2025-01-22T13:27:45 IST" skipped="0">
  <testcase classname="com.vtiger.Organization.CreateAndDeleteOrganizationTest" name="createOrg" time="19.695"/>
  <system-out/>
</testsuite> <!-- com.vtiger.Organization.CreateAndDeleteOrganizationTest -->
