<?xml version="1.0" encoding="UTF-8"?>
<!-- Generated by org.testng.reporters.JUnitReportReporter -->
<testsuite hostname="LAPTOP-1NBFCQEH" failures="0" tests="1" name="com.vtiger.Contact.CreateContactWithPhoneNumberTest" time="15.273" errors="0" timestamp="2025-01-22T13:27:05 IST" skipped="0">
  <testcase classname="com.vtiger.Contact.CreateContactWithPhoneNumberTest" name="CreateContact" time="15.273"/>
  <system-out/>
</testsuite> <!-- com.vtiger.Contact.CreateContactWithPhoneNumberTest -->
