<?xml version="1.0" encoding="UTF-8"?>
<!-- Generated by org.testng.reporters.JUnitReportReporter -->
<testsuite hostname="LAPTOP-1NBFCQEH" failures="0" tests="1" name="com.vtiger.Organization.CreateOrganizationWithInduatries" time="14.656" errors="0" timestamp="2025-01-18T15:40:25 IST" skipped="0">
  <testcase classname="com.vtiger.Organization.CreateOrganizationWithInduatries" name="createOrgWithIndustries" time="14.656"/>
  <system-out/>
</testsuite> <!-- com.vtiger.Organization.CreateOrganizationWithInduatries -->
