<?xml version="1.0" encoding="UTF-8"?>
<!-- Generated by org.testng.reporters.JUnitReportReporter -->
<testsuite hostname="LAPTOP-1NBFCQEH" failures="0" tests="1" name="Package.CreateOrgTest" time="0.015" errors="0" timestamp="2025-01-22T13:29:57 IST" skipped="0">
  <testcase classname="Package.CreateOrgTest" name="createOrgTest" time="0.015"/>
  <system-out/>
</testsuite> <!-- Package.CreateOrgTest -->
